[2021-12-10 18:16:08,478][INFO ][36x7][com.dongkuk.oasis.model.gateway.DefaultParallelGateway]-Task [Gateway_0qw4j58](Gateway_0qw4j58) start.
    ??????? 내가 병렬 만들거다.. 라는 뭔가 있으면 좋겠다. 그라마 준비 할건데

    [2021-12-10 18:16:08,480][INFO ][36x7:edf5][com.dongkuk.oasis.model.activity.DefaultInlineSubProcess]-Task [Activity_1msngyv](인사1 프로세스) start.
        [2021-12-10 18:16:08,490][INFO ][36x7:edf5][com.dongkuk.oasis.process.CoreProcessStarter]-Process [Activity_1msngyv](인사1 프로세스) start.
            [2021-12-10 18:16:08,490][INFO ][36x7:edf5][com.dongkuk.oasis.model.activity.JavaServiceTask]-Task [Activity_0o9fhf8](인사1) start.
            [2021-12-10 18:16:08,490][INFO ][36x7:edf5][com.dongkuk.oasis.executors.PlainJavaServiceTaskExecutable]-Invoking class : [com.dongkuk.dmes.cr.biz.plan.Hello], method : [greeting]
            [2021-12-10 18:16:08,493][DEBUG][36x7:edf5][io.github.thecodinglog.methodinvoker.ParameterNameMethodArgumentBindingStrategy]-Parameter name binding of name
            [2021-12-10 18:16:08,494][INFO ][36x7:edf5][com.dongkuk.dmes.cr.biz.plan.Hello]-Kim, hello.
            [2021-12-10 18:16:08,494][INFO ][36x7:edf5][com.dongkuk.oasis.model.activity.JavaServiceTask]-Task [Activity_0o9fhf8](인사1) finish.(3ms)
        [2021-12-10 18:16:08,494][INFO ][36x7:edf5][com.dongkuk.oasis.process.CoreProcessStarter]-Process [Activity_1msngyv](인사1 프로세스) finish.(4ms)
    [2021-12-10 18:16:08,497][INFO ][36x7:edf5][com.dongkuk.oasis.model.activity.DefaultInlineSubProcess]-Task [Activity_1msngyv](인사1 프로세스) finish.(16ms)

    [2021-12-10 18:16:08,480][INFO ][36x7:9731][com.dongkuk.oasis.model.activity.DefaultInlineSubProcess]-Task [Activity_0nlxb65](인사2 메인 프로세스) start.
        [2021-12-10 18:16:08,490][INFO ][36x7:9731][com.dongkuk.oasis.process.CoreProcessStarter]-Process [Activity_0nlxb65](인사2 메인 프로세스) start.

            [2021-12-10 18:16:08,490][INFO ][36x7:9731][com.dongkuk.oasis.model.event.DefaultStartEvent]-Task [Event_1smi0ye](Event_1smi0ye) start.
            [2021-12-10 18:16:08,490][INFO ][36x7:9731][com.dongkuk.oasis.model.event.DefaultStartEvent]-Task [Event_1smi0ye](Event_1smi0ye) finish.(0ms)
            [2021-12-10 18:16:08,490][INFO ][36x7:9731][com.dongkuk.oasis.model.gateway.DefaultParallelGateway]-Task [Gateway_0xdapvd](Gateway_0xdapvd) start.
            [2021-12-10 18:16:08,491][INFO ][36x7:9731][com.dongkuk.oasis.model.gateway.DefaultParallelGateway]-Task [Gateway_0xdapvd](Gateway_0xdapvd) finish.(0ms)
            
            [2021-12-10 18:16:08,491][INFO ][36x7:9731][com.dongkuk.oasis.model.gateway.DefaultParallelGateway]-Task [Gateway_111cvzu](Gateway_111cvzu) start.

                [2021-12-10 18:16:08,498][INFO ][36x7:9731:beb8][com.dongkuk.oasis.model.activity.DefaultInlineSubProcess]-Task [Activity_1o33vaa](인사3 프로세스) start.
                    [2021-12-10 18:16:08,498][INFO ][36x7:9731:beb8][com.dongkuk.oasis.process.CoreProcessStarter]-Process [Activity_1o33vaa](인사3 프로세스) start.
                        [2021-12-10 18:16:08,499][INFO ][36x7:9731:beb8][com.dongkuk.oasis.model.activity.JavaServiceTask]-Task [Activity_0s0rbua](인사3) start.
                            [2021-12-10 18:16:08,499][INFO ][36x7:9731:beb8][com.dongkuk.oasis.executors.PlainJavaServiceTaskExecutable]-Invoking class : [com.dongkuk.dmes.cr.biz.plan.Hello], method : [greeting]
                            [2021-12-10 18:16:08,502][DEBUG][36x7:9731:beb8][io.github.thecodinglog.methodinvoker.ParameterNameMethodArgumentBindingStrategy]-Parameter name binding of name
                            [2021-12-10 18:16:08,502][INFO ][36x7:9731:beb8][com.dongkuk.dmes.cr.biz.plan.Hello]-Kim, hello.
                        [2021-12-10 18:16:08,502][INFO ][36x7:9731:beb8][com.dongkuk.oasis.model.activity.JavaServiceTask]-Task [Activity_0s0rbua](인사3) finish.(3ms)
                    [2021-12-10 18:16:08,503][INFO ][36x7:9731:beb8][com.dongkuk.oasis.process.CoreProcessStarter]-Process [Activity_1o33vaa](인사3 프로세스) finish.(4ms)
                [2021-12-10 18:16:08,504][INFO ][36x7:9731:beb8][com.dongkuk.oasis.model.activity.DefaultInlineSubProcess]-Task [Activity_1o33vaa](인사3 프로세스) finish.(5ms)

                [2021-12-10 18:16:08,501][INFO ][36x7:9731:c506][com.dongkuk.oasis.model.activity.DefaultInlineSubProcess]-Task [Activity_0mq11dx](인사2 프로세스) start.
                    [2021-12-10 18:16:08,502][INFO ][36x7:9731:c506][com.dongkuk.oasis.process.CoreProcessStarter]-Process [Activity_0mq11dx](인사2 프로세스) start.
                        [2021-12-10 18:16:08,502][INFO ][36x7:9731:c506][com.dongkuk.oasis.model.activity.JavaServiceTask]-Task [Activity_0wmahw6](인사2) start.
                            [2021-12-10 18:16:08,502][INFO ][36x7:9731:c506][com.dongkuk.oasis.executors.PlainJavaServiceTaskExecutable]-Invoking class : [com.dongkuk.dmes.cr.biz.plan.Hello], method : [greeting]
                            [2021-12-10 18:16:08,505][DEBUG][36x7:9731:c506][io.github.thecodinglog.methodinvoker.ParameterNameMethodArgumentBindingStrategy]-Parameter name binding of name
                            [2021-12-10 18:16:08,505][INFO ][36x7:9731:c506][com.dongkuk.dmes.cr.biz.plan.Hello]-Kim, hello.
                        [2021-12-10 18:16:08,505][INFO ][36x7:9731:c506][com.dongkuk.oasis.model.activity.JavaServiceTask]-Task [Activity_0wmahw6](인사2) finish.(3ms)
                    [2021-12-10 18:16:08,506][INFO ][36x7:9731:c506][com.dongkuk.oasis.process.CoreProcessStarter]-Process [Activity_0mq11dx](인사2 프로세스) finish.(3ms)
                [2021-12-10 18:16:08,506][INFO ][36x7:9731:c506][com.dongkuk.oasis.model.activity.DefaultInlineSubProcess]-Task [Activity_0mq11dx](인사2 프로세스) finish.(4ms)

            [2021-12-10 18:16:08,509][INFO ][36x7:9731][com.dongkuk.oasis.model.gateway.DefaultParallelGateway]-Task [Gateway_111cvzu](Gateway_111cvzu) finish.(17ms)
            
            [2021-12-10 18:16:08,509][INFO ][36x7:9731][com.dongkuk.oasis.model.event.DefaultEndEvent]-Task [Event_1035s1u](Event_1035s1u) start.
            [2021-12-10 18:16:08,509][INFO ][36x7:9731][com.dongkuk.oasis.model.event.DefaultEndEvent]-Task [Event_1035s1u](Event_1035s1u) finish.(0ms)
        [2021-12-10 18:16:08,509][INFO ][36x7:9731][com.dongkuk.oasis.process.CoreProcessStarter]-Process [Activity_0nlxb65](인사2 메인 프로세스) finish.(19ms)
    [2021-12-10 18:16:08,509][INFO ][36x7:9731][com.dongkuk.oasis.model.activity.DefaultInlineSubProcess]-Task [Activity_0nlxb65](인사2 메인 프로세스) finish.(29ms)

[2021-12-10 18:16:08,510][INFO ][36x7][com.dongkuk.oasis.model.gateway.DefaultParallelGateway]-Task [Gateway_0qw4j58](Gateway_0qw4j58) finish.(31ms)





[2021-12-10 18:16:58,166][INFO ][Olzc][com.dongkuk.oasis.service.SpringServiceStarter]-Service [iterGreeting] start.
    [2021-12-10 18:16:58,174][DEBUG][Olzc][com.dongkuk.oasis.unmarshal.camunda.CamundaFlowsStoreBuilder]-Check element flows : StartEvent_1
    [2021-12-10 18:16:58,174][DEBUG][Olzc][com.dongkuk.oasis.unmarshal.camunda.CamundaFlowsStoreBuilder]-Check element flows : Activity_1qtdbhy
    [2021-12-10 18:16:58,174][DEBUG][Olzc][com.dongkuk.oasis.unmarshal.camunda.CamundaFlowsStoreBuilder]-Check element flows : Activity_05hmina
    [2021-12-10 18:16:58,174][DEBUG][Olzc][com.dongkuk.oasis.unmarshal.camunda.CamundaFlowsStoreBuilder]-Check element flows : Activity_0qep0bz
    [2021-12-10 18:16:58,175][DEBUG][Olzc][org.springframework.orm.jpa.JpaTransactionManager]-Creating new transaction with name [txBiz]: PROPAGATION_REQUIRED,ISOLATION_READ_COMMITTED
    [2021-12-10 18:16:58,176][DEBUG][Olzc][org.springframework.orm.jpa.JpaTransactionManager]-Opened new EntityManager [SessionImpl(173628565<open>)] for JPA transaction
    [2021-12-10 18:16:58,178][DEBUG][Olzc][org.springframework.jdbc.datasource.DataSourceUtils]-Changing isolation level of JDBC Connection [HikariProxyConnection@1169668757 wrapping com.mysql.jdbc.JDBC4Connection@42ed4589] to 2
    [2021-12-10 18:16:58,183][DEBUG][Olzc][org.hibernate.engine.transaction.internal.TransactionImpl]-On TransactionImpl creation, JpaCompliance#isJpaTransactionComplianceEnabled == false
    [2021-12-10 18:16:58,183][DEBUG][Olzc][org.hibernate.engine.transaction.internal.TransactionImpl]-begin
    [2021-12-10 18:16:58,186][DEBUG][Olzc][org.springframework.orm.jpa.JpaTransactionManager]-Exposing JPA transaction as JDBC [org.springframework.orm.jpa.vendor.HibernateJpaDialect$HibernateConnectionHandle@725d3e30]
    [2021-12-10 18:16:58,186][INFO ][Olzc][com.dongkuk.oasis.transaction.SpringTransactionHandler]-Transaction [txBiz] started.

    [2021-12-10 18:16:58,186][INFO ][Olzc][com.dongkuk.oasis.process.CoreProcessStarter]-Process [Process_05xymvn](Process_05xymvn) start.
        [2021-12-10 18:16:58,186][INFO ][Olzc][com.dongkuk.oasis.model.event.DefaultStartEvent]-Task [StartEvent_1](StartEvent_1) start.
        [2021-12-10 18:16:58,186][INFO ][Olzc][com.dongkuk.oasis.model.event.DefaultStartEvent]-Task [StartEvent_1](StartEvent_1) finish.(0ms)

        [2021-12-10 18:16:58,186][INFO ][Olzc][com.dongkuk.oasis.model.activity.DefaultTask]-Task [Activity_05hmina](자료) start.
        [2021-12-10 18:16:58,189][INFO ][Olzc][com.dongkuk.oasis.model.activity.DefaultTask]-Task [Activity_05hmina](자료) finish.(2ms)

        [2021-12-10 18:16:58,189][INFO ][Olzc][com.dongkuk.oasis.model.activity.JavaServiceTask]-Task [Activity_0qep0bz](병렬 인사) start.
            [2021-12-10 18:16:58,196][INFO ][Olzc:d09e][com.dongkuk.oasis.executors.PlainJavaServiceTaskExecutable]-Invoking class : [com.dongkuk.dmes.cr.biz.plan.Hello], method : [greeting]
            [2021-12-10 18:16:58,203][DEBUG][Olzc:d09e][io.github.thecodinglog.methodinvoker.ParameterNameMethodArgumentBindingStrategy]-Parameter name binding of name
            [2021-12-10 18:16:58,205][INFO ][Olzc:d09e][com.dongkuk.dmes.cr.biz.plan.Hello]-Chaly, hello.

            [2021-12-10 18:16:58,196][INFO ][Olzc:4aef][com.dongkuk.oasis.executors.PlainJavaServiceTaskExecutable]-Invoking class : [com.dongkuk.dmes.cr.biz.plan.Hello], method : [greeting]
            [2021-12-10 18:16:58,205][DEBUG][Olzc:4aef][io.github.thecodinglog.methodinvoker.ParameterNameMethodArgumentBindingStrategy]-Parameter name binding of name
            [2021-12-10 18:16:58,205][INFO ][Olzc:4aef][com.dongkuk.dmes.cr.biz.plan.Hello]-Miki, hello.

            [2021-12-10 18:16:58,197][INFO ][Olzc:6579][com.dongkuk.oasis.executors.PlainJavaServiceTaskExecutable]-Invoking class : [com.dongkuk.dmes.cr.biz.plan.Hello], method : [greeting]
            [2021-12-10 18:16:58,203][DEBUG][Olzc:6579][io.github.thecodinglog.methodinvoker.ParameterNameMethodArgumentBindingStrategy]-Parameter name binding of name
            [2021-12-10 18:16:58,203][INFO ][Olzc:6579][com.dongkuk.dmes.cr.biz.plan.Hello]-Dorothy, hello.

            [2021-12-10 18:16:58,197][INFO ][Olzc:e7b0][com.dongkuk.oasis.executors.PlainJavaServiceTaskExecutable]-Invoking class : [com.dongkuk.dmes.cr.biz.plan.Hello], method : [greeting]
            [2021-12-10 18:16:58,201][DEBUG][Olzc:e7b0][io.github.thecodinglog.methodinvoker.ParameterNameMethodArgumentBindingStrategy]-Parameter name binding of name
            [2021-12-10 18:16:58,201][INFO ][Olzc:e7b0][com.dongkuk.dmes.cr.biz.plan.Hello]-Enderson, hello.

            [2021-12-10 18:16:58,197][INFO ][Olzc:a6e9][com.dongkuk.oasis.executors.PlainJavaServiceTaskExecutable]-Invoking class : [com.dongkuk.dmes.cr.biz.plan.Hello], method : [greeting]
            [2021-12-10 18:16:58,202][DEBUG][Olzc:a6e9][io.github.thecodinglog.methodinvoker.ParameterNameMethodArgumentBindingStrategy]-Parameter name binding of name
            [2021-12-10 18:16:58,202][INFO ][Olzc:a6e9][com.dongkuk.dmes.cr.biz.plan.Hello]-Migguraji, hello.

            [2021-12-10 18:16:58,198][INFO ][Olzc:648c][com.dongkuk.oasis.executors.PlainJavaServiceTaskExecutable]-Invoking class : [com.dongkuk.dmes.cr.biz.plan.Hello], method : [greeting]
            [2021-12-10 18:16:58,203][DEBUG][Olzc:648c][io.github.thecodinglog.methodinvoker.ParameterNameMethodArgumentBindingStrategy]-Parameter name binding of name
            [2021-12-10 18:16:58,203][INFO ][Olzc:648c][com.dongkuk.dmes.cr.biz.plan.Hello]-Wooji, hello.

            [2021-12-10 18:16:58,200][INFO ][Olzc:2ea2][com.dongkuk.oasis.executors.PlainJavaServiceTaskExecutable]-Invoking class : [com.dongkuk.dmes.cr.biz.plan.Hello], method : [greeting]
            [2021-12-10 18:16:58,201][DEBUG][Olzc:2ea2][io.github.thecodinglog.methodinvoker.ParameterNameMethodArgumentBindingStrategy]-Parameter name binding of name
            [2021-12-10 18:16:58,202][INFO ][Olzc:2ea2][com.dongkuk.dmes.cr.biz.plan.Hello]-Ken, hello.

            [2021-12-10 18:16:58,200][INFO ][Olzc:54ce][com.dongkuk.oasis.executors.PlainJavaServiceTaskExecutable]-Invoking class : [com.dongkuk.dmes.cr.biz.plan.Hello], method : [greeting]
            [2021-12-10 18:16:58,203][DEBUG][Olzc:54ce][io.github.thecodinglog.methodinvoker.ParameterNameMethodArgumentBindingStrategy]-Parameter name binding of name
            [2021-12-10 18:16:58,203][INFO ][Olzc:54ce][com.dongkuk.dmes.cr.biz.plan.Hello]-Mominic, hello.

            [2021-12-10 18:16:58,201][INFO ][Olzc:1abe][com.dongkuk.oasis.executors.PlainJavaServiceTaskExecutable]-Invoking class : [com.dongkuk.dmes.cr.biz.plan.Hello], method : [greeting]
            [2021-12-10 18:16:58,203][DEBUG][Olzc:1abe][io.github.thecodinglog.methodinvoker.ParameterNameMethodArgumentBindingStrategy]-Parameter name binding of name
            [2021-12-10 18:16:58,203][INFO ][Olzc:1abe][com.dongkuk.dmes.cr.biz.plan.Hello]-Ela, hello.
        
        [2021-12-10 18:16:58,206][INFO ][Olzc][com.dongkuk.oasis.model.activity.JavaServiceTask]-Task [Activity_0qep0bz](병렬 인사) finish.(16ms)

        [2021-12-10 18:16:58,206][INFO ][Olzc][com.dongkuk.oasis.model.activity.JavaServiceTask]-Task [Activity_1qtdbhy](순서 인사) start.
            [2021-12-10 18:16:58,207][INFO ][Olzc][com.dongkuk.oasis.executors.PlainJavaServiceTaskExecutable]-Invoking class : [com.dongkuk.dmes.cr.biz.plan.Hello], method : [greeting]
            [2021-12-10 18:16:58,209][DEBUG][Olzc][io.github.thecodinglog.methodinvoker.ParameterNameMethodArgumentBindingStrategy]-Parameter name binding of name
            [2021-12-10 18:16:58,209][INFO ][Olzc][com.dongkuk.dmes.cr.biz.plan.Hello]-Chaly, hello.
            [2021-12-10 18:16:58,209][INFO ][Olzc][com.dongkuk.oasis.executors.PlainJavaServiceTaskExecutable]-Invoking class : [com.dongkuk.dmes.cr.biz.plan.Hello], method : [greeting]
            [2021-12-10 18:16:58,210][DEBUG][Olzc][io.github.thecodinglog.methodinvoker.ParameterNameMethodArgumentBindingStrategy]-Parameter name binding of name
            [2021-12-10 18:16:58,211][INFO ][Olzc][com.dongkuk.dmes.cr.biz.plan.Hello]-Miki, hello.
            [2021-12-10 18:16:58,211][INFO ][Olzc][com.dongkuk.oasis.executors.PlainJavaServiceTaskExecutable]-Invoking class : [com.dongkuk.dmes.cr.biz.plan.Hello], method : [greeting]
            [2021-12-10 18:16:58,212][DEBUG][Olzc][io.github.thecodinglog.methodinvoker.ParameterNameMethodArgumentBindingStrategy]-Parameter name binding of name
            [2021-12-10 18:16:58,213][INFO ][Olzc][com.dongkuk.dmes.cr.biz.plan.Hello]-Dorothy, hello.
            [2021-12-10 18:16:58,213][INFO ][Olzc][com.dongkuk.oasis.executors.PlainJavaServiceTaskExecutable]-Invoking class : [com.dongkuk.dmes.cr.biz.plan.Hello], method : [greeting]
            [2021-12-10 18:16:58,214][DEBUG][Olzc][io.github.thecodinglog.methodinvoker.ParameterNameMethodArgumentBindingStrategy]-Parameter name binding of name
            [2021-12-10 18:16:58,214][INFO ][Olzc][com.dongkuk.dmes.cr.biz.plan.Hello]-Enderson, hello.
            [2021-12-10 18:16:58,214][INFO ][Olzc][com.dongkuk.oasis.executors.PlainJavaServiceTaskExecutable]-Invoking class : [com.dongkuk.dmes.cr.biz.plan.Hello], method : [greeting]
            [2021-12-10 18:16:58,215][DEBUG][Olzc][io.github.thecodinglog.methodinvoker.ParameterNameMethodArgumentBindingStrategy]-Parameter name binding of name
            [2021-12-10 18:16:58,215][INFO ][Olzc][com.dongkuk.dmes.cr.biz.plan.Hello]-Migguraji, hello.
            [2021-12-10 18:16:58,215][INFO ][Olzc][com.dongkuk.oasis.executors.PlainJavaServiceTaskExecutable]-Invoking class : [com.dongkuk.dmes.cr.biz.plan.Hello], method : [greeting]
            [2021-12-10 18:16:58,216][DEBUG][Olzc][io.github.thecodinglog.methodinvoker.ParameterNameMethodArgumentBindingStrategy]-Parameter name binding of name
            [2021-12-10 18:16:58,216][INFO ][Olzc][com.dongkuk.dmes.cr.biz.plan.Hello]-Wooji, hello.
            [2021-12-10 18:16:58,216][INFO ][Olzc][com.dongkuk.oasis.executors.PlainJavaServiceTaskExecutable]-Invoking class : [com.dongkuk.dmes.cr.biz.plan.Hello], method : [greeting]
            [2021-12-10 18:16:58,218][DEBUG][Olzc][io.github.thecodinglog.methodinvoker.ParameterNameMethodArgumentBindingStrategy]-Parameter name binding of name
            [2021-12-10 18:16:58,218][INFO ][Olzc][com.dongkuk.dmes.cr.biz.plan.Hello]-Ken, hello.
            [2021-12-10 18:16:58,218][INFO ][Olzc][com.dongkuk.oasis.executors.PlainJavaServiceTaskExecutable]-Invoking class : [com.dongkuk.dmes.cr.biz.plan.Hello], method : [greeting]
            [2021-12-10 18:16:58,219][DEBUG][Olzc][io.github.thecodinglog.methodinvoker.ParameterNameMethodArgumentBindingStrategy]-Parameter name binding of name
            [2021-12-10 18:16:58,219][INFO ][Olzc][com.dongkuk.dmes.cr.biz.plan.Hello]-Ela, hello.
            [2021-12-10 18:16:58,219][INFO ][Olzc][com.dongkuk.oasis.executors.PlainJavaServiceTaskExecutable]-Invoking class : [com.dongkuk.dmes.cr.biz.plan.Hello], method : [greeting]
            [2021-12-10 18:16:58,220][DEBUG][Olzc][io.github.thecodinglog.methodinvoker.ParameterNameMethodArgumentBindingStrategy]-Parameter name binding of name
            [2021-12-10 18:16:58,220][INFO ][Olzc][com.dongkuk.dmes.cr.biz.plan.Hello]-Mominic, hello.
        [2021-12-10 18:16:58,220][INFO ][Olzc][com.dongkuk.oasis.model.activity.JavaServiceTask]-Task [Activity_1qtdbhy](순서 인사) finish.(14ms)

        [2021-12-10 18:16:58,221][INFO ][Olzc][com.dongkuk.oasis.model.event.DefaultEndEvent]-Task [Event_0t44im8](Event_0t44im8) start.
        [2021-12-10 18:16:58,221][INFO ][Olzc][com.dongkuk.oasis.model.event.DefaultEndEvent]-Task [Event_0t44im8](Event_0t44im8) finish.(0ms)

    [2021-12-10 18:16:58,221][INFO ][Olzc][com.dongkuk.oasis.process.CoreProcessStarter]-Process [Process_05xymvn](Process_05xymvn) finish.(34ms)

    [2021-12-10 18:16:58,221][DEBUG][Olzc][org.springframework.orm.jpa.JpaTransactionManager]-Initiating transaction commit
    [2021-12-10 18:16:58,221][DEBUG][Olzc][org.springframework.orm.jpa.JpaTransactionManager]-Committing JPA transaction on EntityManager [SessionImpl(173628565<open>)]
    [2021-12-10 18:16:58,221][DEBUG][Olzc][org.hibernate.engine.transaction.internal.TransactionImpl]-committing
    [2021-12-10 18:16:58,223][DEBUG][Olzc][org.springframework.jdbc.datasource.DataSourceUtils]-Resetting isolation level of JDBC Connection [HikariProxyConnection@1169668757 wrapping com.mysql.jdbc.JDBC4Connection@42ed4589] to 4
    [2021-12-10 18:16:58,227][DEBUG][Olzc][org.springframework.orm.jpa.JpaTransactionManager]-Closing JPA EntityManager [SessionImpl(173628565<open>)] after transaction
    [2021-12-10 18:16:58,227][INFO ][Olzc][com.dongkuk.oasis.transaction.SpringTransactionHandler]-Transaction [txBiz] has been committed.
[2021-12-10 18:16:58,227][INFO ][Olzc][com.dongkuk.oasis.service.SpringServiceStarter]-Service [iterGreeting] finish.(60ms)